Arguments: 
  /usr/local/bin/node /usr/local/Cellar/yarn/1.15.2/libexec/bin/yarn.js add elm-format .g

PATH: 
  /Users/alessio/.rvm/gems/ruby-2.4.2/bin:/Users/alessio/.rvm/gems/ruby-2.4.2@global/bin:/Users/alessio/.rvm/rubies/ruby-2.4.2/bin:/Users/alessio/.cargo/bin:/usr/local/bin:/usr/bin:/bin:/usr/sbin:/sbin:/Users/alessio/.rvm/bin

Yarn version: 
  1.15.2

Node version: 
  11.12.0

Platform: 
  darwin x64

Trace: 
  Error: https://registry.yarnpkg.com/.g: Not Found
      at Request.params.callback [as _callback] (/usr/local/Cellar/yarn/1.15.2/libexec/lib/cli.js:66058:18)
      at Request.self.callback (/usr/local/Cellar/yarn/1.15.2/libexec/lib/cli.js:129541:22)
      at Request.emit (events.js:197:13)
      at Request.<anonymous> (/usr/local/Cellar/yarn/1.15.2/libexec/lib/cli.js:130513:10)
      at Request.emit (events.js:197:13)
      at IncomingMessage.<anonymous> (/usr/local/Cellar/yarn/1.15.2/libexec/lib/cli.js:130435:12)
      at Object.onceWrapper (events.js:285:20)
      at IncomingMessage.emit (events.js:202:15)
      at endReadableNT (_stream_readable.js:1132:12)
      at processTicksAndRejections (internal/process/next_tick.js:76:17)

npm manifest: 
  {
    "dependencies": {
      "elm": "^0.19.0-no-deps",
      "global": "^4.3.2"
    }
  }

yarn manifest: 
  No manifest

Lockfile: 
  # THIS IS AN AUTOGENERATED FILE. DO NOT EDIT THIS FILE DIRECTLY.
  # yarn lockfile v1
  
  
  dom-walk@^0.1.0:
    version "0.1.1"
    resolved "https://registry.yarnpkg.com/dom-walk/-/dom-walk-0.1.1.tgz#672226dc74c8f799ad35307df936aba11acd6018"
  
  elm@^0.19.0-no-deps:
    version "0.19.0-no-deps"
    resolved "https://registry.yarnpkg.com/elm/-/elm-0.19.0-no-deps.tgz#4754b658c424771823ee91bd5bf6387647954add"
  
  global@^4.3.2:
    version "4.3.2"
    resolved "https://registry.yarnpkg.com/global/-/global-4.3.2.tgz#e76989268a6c74c38908b1305b10fc0e394e9d0f"
    dependencies:
      min-document "^2.19.0"
      process "~0.5.1"
  
  min-document@^2.19.0:
    version "2.19.0"
    resolved "https://registry.yarnpkg.com/min-document/-/min-document-2.19.0.tgz#7bd282e3f5842ed295bb748cdd9f1ffa2c824685"
    dependencies:
      dom-walk "^0.1.0"
  
  process@~0.5.1:
    version "0.5.2"
    resolved "https://registry.yarnpkg.com/process/-/process-0.5.2.tgz#1638d8a8e34c2f440a91db95ab9aeb677fc185cf"
